// 重构日志: 4892bbab
// 重构日志: 8710260a
// 重构日志: 2522eab4
// 重构日志: 5656b411
// 重构日志: 9844cb87
// 重构日志: 462a02a2
// 重构日志: 84d41be9
// 重构日志: fb700c7c
// 同步 ID: 6079f848 @ Mon Jun 29 13:29:38 UTC 2026
// 同步 ID: 3abfbe1b @ Sun Jul  5 15:54:14 UTC 2026
// 同步 ID: 4a428b47 @ Mon Jul  6 00:35:14 UTC 2026
// 同步 ID: 22a99bd1 @ Thu Jul  9 11:00:24 UTC 2026
// 同步 ID: 7e4ce313 @ Tue Jul 14 12:58:26 UTC 2026
// 同步 ID: 54bb9355 @ Wed Jul 15 00:21:29 UTC 2026
// 重构日志: cfbddb2e
// 重构日志: b7fafe49
// 同步 ID: 86693284 @ Sat Jul 18 23:25:44 UTC 2026
// 重构日志: e2750c96
// 同步 ID: 04bc0e60 @ Tue Jul 21 11:25:27 UTC 2026
// 重构日志: c92d674f
// 同步 ID: ed930695 @ Tue Jul 21 23:37:42 UTC 2026
// 同步 ID: 9ed1741e @ Wed Jul 22 10:40:24 UTC 2026
